EC_KEY (CA):
   Private-Key: (256 bit)
   priv:
       77:10:ae:54:a6:d0:c4:63:c8:50:83:01:16:16:ac:
       b7:7a:94:f5:cf:70:68:63:9a:27:19:f1:52:a4:ca:
       f3:68
   pub:
       04:9c:e7:7d:45:18:87:fd:7b:1a:49:b4:98:63:af:
       40:dd:c0:43:66:72:0d:a5:31:9f:47:cd:02:94:55:
       7f:bc:9e:a2:14:b8:91:e9:14:52:07:c1:f1:d3:bd:
       8e:53:a3:14:68:05:33:89:67:67:5c:d2:c8:78:a2:
       f1:68:d0:f5:00
   ASN1 OID: secp256k1
EC_POINT (G): 0279BE667EF9DCBBAC55A06295CE870B07029BFCDB2DCE28D959F2815B16F81798
BIGNUM (order): FFFFFFFFFFFFFFFFFFFFFFFFFFFFFFFEBAAEDCE6AF48A03BBFD25E8CD0364141
BIGNUM (cofactor): 01
BIGNUM (alpha): BA1FBB5B9DF26A9B0D9395E3D1754445BD4D1AC0CCA2F8D41AE6AB4237796972
EC_POINT (alphaG): 039068F854A82F27C41D7CF4FD7FF9E24CAE0133AADAB788D8FCC8752185033D93
BIGNUM (k): BB6B2DABA3D2B9F6039C92FB2467ADD06BDB3A0A2B0CC834374479C63B24C5E4
EC_POINT (kG): 02B2975C1C994D27F1441AED36028D7D2E8329CD9ECC9554F176059C3B53270814
EC_POINT (Pu): 03469370D09962C39A647676DFC2EDBB1E7398F40ADD9947D93AA9F100503FD54F
BIGNUM (e): 5826B3FEEE2C4145308E6DC2C43B4734EDF982D5D6170E288E6C1B761B7974C7
BIGNUM (ek): 40892D625B6F1FB758B435B749D2C7EF18997BFB718052EA1A042E9C66A2F2AB3EDDF755B85CF338598F5BEA8AB20FADC536DC8A0B0E685B8C59943D3805243C
BIGNUM (r): 6F42D5790CF1B1EDFB153DC6FE0758956E2865534977170383272F9023B6C2CA
EC_POINT (ePu): 032D2D8754CE1A0BF53982A73FA8069F183F445778B5A85909568B8BFC6E922B2D
EC_POINT (p_Qa): 02C1BEB2023E7A962F024A8C4BDA4FF183D8053739719222613752FBD9C06B441A
BIGNUM (ealpha): 40170BFAD68B681013C2B7DF0AA881FD575AA201FFDD5F7AF0247FE14700AF7DFCA784ABF06AB7E8AF60B60FABADE81CADB6EA11AF98F60D753CC8AA000A9F9E
BIGNUM (a): EE0A5D9591F77A6466FF7C6D62820C027D58D452A52CDD6CCD849A50B4DF36DC
EC_POINT (p_Qa_prim): 02C1BEB2023E7A962F024A8C4BDA4FF183D8053739719222613752FBD9C06B441A
EC_KEY (CLIENT):
   Private-Key: (256 bit)
   priv:
       ee:0a:5d:95:91:f7:7a:64:66:ff:7c:6d:62:82:0c:
       02:7d:58:d4:52:a5:2c:dd:6c:cd:84:9a:50:b4:df:
       36:dc
   pub:
       04:c1:be:b2:02:3e:7a:96:2f:02:4a:8c:4b:da:4f:
       f1:83:d8:05:37:39:71:92:22:61:37:52:fb:d9:c0:
       6b:44:1a:aa:63:cd:30:a8:a4:e6:1f:c3:90:d2:d0:
       ec:70:2c:5f:0b:e8:12:00:69:70:d6:40:d5:f6:e3:
       21:48:07:a9:46
   ASN1 OID: secp256k1
